Using pre-set license
Built from '2020.3/staging' branch; Version is '2020.3.19f1 (68f137dc9bbe) revision 6877495'; Using compiler version '192528614'; Build Type 'Release'
OS: 'Windows 10 Home; OS build 19042.1288; Version 2009; 64bit' Language: 'hu' Physical Memory: 3784 MB
BatchMode: 1, IsHumanControllingUs: 0, StartBugReporterOnCrash: 0, Is64bit: 1, IsPro: 0

COMMAND LINE ARGUMENTS:
C:\Program Files\Unity\Hub\Editor\2020.3.19f1\Editor\Unity.exe
-adb2
-batchMode
-noUpm
-name
AssetImportWorker0
-projectPath
C:/Users/40761/OneDrive/Dokumentumok/First Unity Project
-logFile
Logs/AssetImportWorker0.log
-srvPort
65407
Successfully changed project path to: C:/Users/40761/OneDrive/Dokumentumok/First Unity Project
C:/Users/40761/OneDrive/Dokumentumok/First Unity Project
Using Asset Import Pipeline V2.
Refreshing native plugins compatible for Editor in 52.47 ms, found 3 plugins.
Preloading 0 native plugins for Editor in 0.00 ms.
Initialize engine version: 2020.3.19f1 (68f137dc9bbe)
[Subsystems] Discovering subsystems at path C:/Program Files/Unity/Hub/Editor/2020.3.19f1/Editor/Data/Resources/UnitySubsystems
[Subsystems] Discovering subsystems at path C:/Users/40761/OneDrive/Dokumentumok/First Unity Project/Assets
GfxDevice: creating device client; threaded=0
Direct3D:
    Version:  Direct3D 11.0 [level 11.1]
    Renderer: Intel(R) UHD Graphics (ID=0x8a56)
    Vendor:   
    VRAM:     1892 MB
    Driver:   27.20.100.8853
Initialize mono
Mono path[0] = 'C:/Program Files/Unity/Hub/Editor/2020.3.19f1/Editor/Data/Managed'
Mono path[1] = 'C:/Program Files/Unity/Hub/Editor/2020.3.19f1/Editor/Data/MonoBleedingEdge/lib/mono/unityjit'
Mono config path = 'C:/Program Files/Unity/Hub/Editor/2020.3.19f1/Editor/Data/MonoBleedingEdge/etc'
Using monoOptions --debugger-agent=transport=dt_socket,embedding=1,server=y,suspend=n,address=127.0.0.1:56864
Begin MonoManager ReloadAssembly
Registering precompiled unity dll's ...
Register platform support module: C:/Program Files/Unity/Hub/Editor/2020.3.19f1/Editor/Data/PlaybackEngines/WebGLSupport/UnityEditor.WebGL.Extensions.dll
Register platform support module: C:/Program Files/Unity/Hub/Editor/2020.3.19f1/Editor/Data/PlaybackEngines/WindowsStandaloneSupport/UnityEditor.WindowsStandalone.Extensions.dll
Registered in 0.002169 seconds.
Native extension for WindowsStandalone target not found
Native extension for WebGL target not found
Refreshing native plugins compatible for Editor in 47.48 ms, found 3 plugins.
Preloading 0 native plugins for Editor in 0.00 ms.
Mono: successfully reloaded assembly
- Completed reload, in  2.024 seconds
Domain Reload Profiling:
	ReloadAssembly (2024ms)
		BeginReloadAssembly (65ms)
			ExecutionOrderSort (0ms)
			DisableScriptedObjects (0ms)
			BackupInstance (0ms)
			ReleaseScriptingObjects (0ms)
			CreateAndSetChildDomain (2ms)
		EndReloadAssembly (446ms)
			LoadAssemblies (62ms)
			RebuildTransferFunctionScriptingTraits (0ms)
			SetupTypeCache (155ms)
			ReleaseScriptCaches (0ms)
			RebuildScriptCaches (31ms)
			SetupLoadedEditorAssemblies (182ms)
				LogAssemblyErrors (0ms)
				InitializePlatformSupportModulesInManaged (5ms)
				SetLoadedEditorAssemblies (0ms)
				RefreshPlugins (48ms)
				BeforeProcessingInitializeOnLoad (9ms)
				ProcessInitializeOnLoadAttributes (90ms)
				ProcessInitializeOnLoadMethodAttributes (31ms)
				AfterProcessingInitializeOnLoad (0ms)
				EditorAssembliesLoaded (0ms)
			ExecutionOrderSort2 (0ms)
			AwakeInstancesAfterBackupRestoration (0ms)
Platform modules already initialized, skipping
Registering precompiled user dll's ...
Registered in 0.008856 seconds.
Begin MonoManager ReloadAssembly
Native extension for WindowsStandalone target not found
Native extension for WebGL target not found
Refreshing native plugins compatible for Editor in 45.59 ms, found 3 plugins.
Preloading 0 native plugins for Editor in 0.00 ms.
Mono: successfully reloaded assembly
- Completed reload, in  1.284 seconds
Domain Reload Profiling:
	ReloadAssembly (1286ms)
		BeginReloadAssembly (150ms)
			ExecutionOrderSort (0ms)
			DisableScriptedObjects (4ms)
			BackupInstance (0ms)
			ReleaseScriptingObjects (0ms)
			CreateAndSetChildDomain (22ms)
		EndReloadAssembly (1067ms)
			LoadAssemblies (131ms)
			RebuildTransferFunctionScriptingTraits (0ms)
			SetupTypeCache (341ms)
			ReleaseScriptCaches (1ms)
			RebuildScriptCaches (52ms)
			SetupLoadedEditorAssemblies (397ms)
				LogAssemblyErrors (0ms)
				InitializePlatformSupportModulesInManaged (6ms)
				SetLoadedEditorAssemblies (0ms)
				RefreshPlugins (46ms)
				BeforeProcessingInitializeOnLoad (73ms)
				ProcessInitializeOnLoadAttributes (249ms)
				ProcessInitializeOnLoadMethodAttributes (17ms)
				AfterProcessingInitializeOnLoad (6ms)
				EditorAssembliesLoaded (0ms)
			ExecutionOrderSort2 (0ms)
			AwakeInstancesAfterBackupRestoration (7ms)
Platform modules already initialized, skipping
========================================================================
Worker process is ready to serve import requests
Launched and connected shader compiler UnityShaderCompiler.exe after 0.06 seconds
Refreshing native plugins compatible for Editor in 1.20 ms, found 3 plugins.
Preloading 0 native plugins for Editor in 0.00 ms.
Unloading 2096 Unused Serialized files (Serialized files now loaded: 0)
System memory in use before: 93.2 MB.
System memory in use after: 93.3 MB.

Unloading 26 unused Assets to reduce memory usage. Loaded Objects now: 2536.
Total: 3.032900 ms (FindLiveObjects: 0.206900 ms CreateObjectMapping: 0.064700 ms MarkObjects: 2.676200 ms  DeleteObjects: 0.082900 ms)

AssetImportParameters requested are different than current active one (requested -> active):
  custom:framework-win-MediaFoundation: 216162199b28c13a410421893ffa2e32 -> 
  custom:video-decoder-ogg-theora: a1e56fd34408186e4bbccfd4996cb3dc -> 
  custom:container-muxer-webm: aa71ff27fc2769a1b78a27578f13a17b -> 
  custom:container-demuxer-webm: 4f35f7cbe854078d1ac9338744f61a02 -> 
  custom:container-demuxer-ogg: 62fdf1f143b41e24485cea50d1cbac27 -> 
  custom:video-encoder-webm-vp8: eb34c28f22e8b96e1ab97ce403110664 -> 
  custom:video-decoder-webm-vp8: 9c59270c3fd7afecdb556c50c9e8de78 -> 
  custom:audio-decoder-ogg-vorbis: bf7c407c2cedff20999df2af8eb42d56 -> 
  custom:audio-encoder-webm-vorbis: bf7c407c2cedff20999df2af8eb42d56 -> 
========================================================================
Received Import Request.
  path: Assets/Scripts/NewBehaviourScript.cs
  artifactKey: Guid(ae0876c131d7fd940989b0421937d761) Importer(815301076,1909f56bfc062723c751e8b465ee728b)
Start importing Assets/Scripts/NewBehaviourScript.cs using Guid(ae0876c131d7fd940989b0421937d761) Importer(815301076,1909f56bfc062723c751e8b465ee728b)  -> (artifact id: '0b915493bbf4e7329e6d41536188d8e2') in 0.035038 seconds 
  Import took 0.039427 seconds .

========================================================================
Received Import Request.
  Time since last request: 28.722139 seconds.
  path: Assets/Sprites/Food.prefab
  artifactKey: Guid(cf6075205b54ace4fa2929402a0ac378) Importer(815301076,1909f56bfc062723c751e8b465ee728b)
Start importing Assets/Sprites/Food.prefab using Guid(cf6075205b54ace4fa2929402a0ac378) Importer(815301076,1909f56bfc062723c751e8b465ee728b)  -> (artifact id: '6f8564746e5a37fa8bc7f46582c7f98d') in 0.128026 seconds 
  Import took 0.134106 seconds .

========================================================================
Received Import Request.
  Time since last request: 5.267996 seconds.
  path: Assets/Sprites/Food.prefab
  artifactKey: Guid(cf6075205b54ace4fa2929402a0ac378) Importer(815301076,1909f56bfc062723c751e8b465ee728b)
Start importing Assets/Sprites/Food.prefab using Guid(cf6075205b54ace4fa2929402a0ac378) Importer(815301076,1909f56bfc062723c751e8b465ee728b)  -> (artifact id: '78b8c7c7fb1321809e158d7260c3d6ad') in 0.017574 seconds 
  Import took 0.024223 seconds .

========================================================================
Received Import Request.
  Time since last request: 34.295557 seconds.
  path: Assets/Sprites/Food.prefab
  artifactKey: Guid(cf6075205b54ace4fa2929402a0ac378) Importer(815301076,1909f56bfc062723c751e8b465ee728b)
Start importing Assets/Sprites/Food.prefab using Guid(cf6075205b54ace4fa2929402a0ac378) Importer(815301076,1909f56bfc062723c751e8b465ee728b)  -> (artifact id: 'b7a8db58f25f4cf06add93d08a311fa6') in 0.023705 seconds 
  Import took 0.031828 seconds .

========================================================================
Received Import Request.
  Time since last request: 2.399395 seconds.
  path: Assets/Sprites/Food.prefab
  artifactKey: Guid(cf6075205b54ace4fa2929402a0ac378) Importer(815301076,1909f56bfc062723c751e8b465ee728b)
Start importing Assets/Sprites/Food.prefab using Guid(cf6075205b54ace4fa2929402a0ac378) Importer(815301076,1909f56bfc062723c751e8b465ee728b)  -> (artifact id: 'f1325d215f66f7db351a12307a514422') in 0.017071 seconds 
  Import took 0.023471 seconds .

========================================================================
Received Import Request.
  Time since last request: 5.816042 seconds.
  path: Assets/Sprites/Food.prefab
  artifactKey: Guid(cf6075205b54ace4fa2929402a0ac378) Importer(815301076,1909f56bfc062723c751e8b465ee728b)
Start importing Assets/Sprites/Food.prefab using Guid(cf6075205b54ace4fa2929402a0ac378) Importer(815301076,1909f56bfc062723c751e8b465ee728b)  -> (artifact id: '710bfc503f084bcaf86daf48be09b335') in 0.019565 seconds 
  Import took 0.025615 seconds .

========================================================================
Received Import Request.
  Time since last request: 2.388075 seconds.
  path: Assets/Sprites/Food.prefab
  artifactKey: Guid(cf6075205b54ace4fa2929402a0ac378) Importer(815301076,1909f56bfc062723c751e8b465ee728b)
Start importing Assets/Sprites/Food.prefab using Guid(cf6075205b54ace4fa2929402a0ac378) Importer(815301076,1909f56bfc062723c751e8b465ee728b)  -> (artifact id: '00f00424dffcd1ac6820b51cb5d837c5') in 0.018539 seconds 
  Import took 0.025348 seconds .

========================================================================
Received Import Request.
  Time since last request: 2.809916 seconds.
  path: Assets/Sprites/Food.prefab
  artifactKey: Guid(cf6075205b54ace4fa2929402a0ac378) Importer(815301076,1909f56bfc062723c751e8b465ee728b)
Start importing Assets/Sprites/Food.prefab using Guid(cf6075205b54ace4fa2929402a0ac378) Importer(815301076,1909f56bfc062723c751e8b465ee728b)  -> (artifact id: '7b0018ea2b58c1099262b9990162315b') in 0.013084 seconds 
  Import took 0.018620 seconds .

========================================================================
Received Import Request.
  Time since last request: 2.600815 seconds.
  path: Assets/Sprites/Food.prefab
  artifactKey: Guid(cf6075205b54ace4fa2929402a0ac378) Importer(815301076,1909f56bfc062723c751e8b465ee728b)
Start importing Assets/Sprites/Food.prefab using Guid(cf6075205b54ace4fa2929402a0ac378) Importer(815301076,1909f56bfc062723c751e8b465ee728b)  -> (artifact id: '6b5d5dc775783abc4f4d758c1aa09235') in 0.017863 seconds 
  Import took 0.024935 seconds .

========================================================================
Received Import Request.
  Time since last request: 22.580891 seconds.
  path: Assets/Sprites/Food.prefab
  artifactKey: Guid(cf6075205b54ace4fa2929402a0ac378) Importer(815301076,1909f56bfc062723c751e8b465ee728b)
Start importing Assets/Sprites/Food.prefab using Guid(cf6075205b54ace4fa2929402a0ac378) Importer(815301076,1909f56bfc062723c751e8b465ee728b)  -> (artifact id: '359a8545d6605f4accc7c8f5ebb7fcdb') in 0.018745 seconds 
  Import took 0.025449 seconds .

========================================================================
Received Import Request.
  Time since last request: 58.338366 seconds.
  path: Assets/Sprites/Food.prefab
  artifactKey: Guid(cf6075205b54ace4fa2929402a0ac378) Importer(815301076,1909f56bfc062723c751e8b465ee728b)
Start importing Assets/Sprites/Food.prefab using Guid(cf6075205b54ace4fa2929402a0ac378) Importer(815301076,1909f56bfc062723c751e8b465ee728b)  -> (artifact id: 'b4ce546c2e0455eb0f3c0fafb2a80cc6') in 0.019281 seconds 
  Import took 0.026165 seconds .

========================================================================
Received Import Request.
  Time since last request: 116.459501 seconds.
  path: Assets/Sprites/Food.prefab
  artifactKey: Guid(cf6075205b54ace4fa2929402a0ac378) Importer(815301076,1909f56bfc062723c751e8b465ee728b)
Start importing Assets/Sprites/Food.prefab using Guid(cf6075205b54ace4fa2929402a0ac378) Importer(815301076,1909f56bfc062723c751e8b465ee728b)  -> (artifact id: 'f799867297d4691581652e5a45104ad9') in 0.024711 seconds 
  Import took 0.033861 seconds .

========================================================================
Received Import Request.
  Time since last request: 6.037014 seconds.
  path: Assets/Sprites/Food.prefab
  artifactKey: Guid(cf6075205b54ace4fa2929402a0ac378) Importer(815301076,1909f56bfc062723c751e8b465ee728b)
Start importing Assets/Sprites/Food.prefab using Guid(cf6075205b54ace4fa2929402a0ac378) Importer(815301076,1909f56bfc062723c751e8b465ee728b)  -> (artifact id: '874da160e2120cb40b79c04e130600d9') in 0.027972 seconds 
  Import took 0.036175 seconds .

========================================================================
Received Import Request.
  Time since last request: 7.214575 seconds.
  path: Assets/Sprites/Food.prefab
  artifactKey: Guid(cf6075205b54ace4fa2929402a0ac378) Importer(815301076,1909f56bfc062723c751e8b465ee728b)
Start importing Assets/Sprites/Food.prefab using Guid(cf6075205b54ace4fa2929402a0ac378) Importer(815301076,1909f56bfc062723c751e8b465ee728b)  -> (artifact id: '37f7a879233757b94893c7946c0c6736') in 0.019135 seconds 
  Import took 0.025442 seconds .

========================================================================
Received Import Request.
  Time since last request: 13.360008 seconds.
  path: Assets/Sprites/Food.prefab
  artifactKey: Guid(cf6075205b54ace4fa2929402a0ac378) Importer(815301076,1909f56bfc062723c751e8b465ee728b)
Start importing Assets/Sprites/Food.prefab using Guid(cf6075205b54ace4fa2929402a0ac378) Importer(815301076,1909f56bfc062723c751e8b465ee728b)  -> (artifact id: '630f38d5f38b249f73a23931434bfb07') in 0.018670 seconds 
  Import took 0.025522 seconds .

========================================================================
Received Import Request.
  Time since last request: 8.256175 seconds.
  path: Assets/Sprites/Food.prefab
  artifactKey: Guid(cf6075205b54ace4fa2929402a0ac378) Importer(815301076,1909f56bfc062723c751e8b465ee728b)
Start importing Assets/Sprites/Food.prefab using Guid(cf6075205b54ace4fa2929402a0ac378) Importer(815301076,1909f56bfc062723c751e8b465ee728b)  -> (artifact id: '93561ac39e3c70ebb1588e8988049af0') in 0.017789 seconds 
  Import took 0.024502 seconds .

========================================================================
Received Import Request.
  Time since last request: 8.495654 seconds.
  path: Assets/Sprites/Food.prefab
  artifactKey: Guid(cf6075205b54ace4fa2929402a0ac378) Importer(815301076,1909f56bfc062723c751e8b465ee728b)
Start importing Assets/Sprites/Food.prefab using Guid(cf6075205b54ace4fa2929402a0ac378) Importer(815301076,1909f56bfc062723c751e8b465ee728b)  -> (artifact id: '88dd9d3766e7e0fef4a3afdbb37b4ffe') in 0.016930 seconds 
  Import took 0.027210 seconds .

========================================================================
Received Import Request.
  Time since last request: 3.602891 seconds.
  path: Assets/Sprites/Food.prefab
  artifactKey: Guid(cf6075205b54ace4fa2929402a0ac378) Importer(815301076,1909f56bfc062723c751e8b465ee728b)
Start importing Assets/Sprites/Food.prefab using Guid(cf6075205b54ace4fa2929402a0ac378) Importer(815301076,1909f56bfc062723c751e8b465ee728b)  -> (artifact id: 'a719f2c07150eb18febade02c51a6320') in 0.017596 seconds 
  Import took 0.027151 seconds .

========================================================================
Received Import Request.
  Time since last request: 55.335512 seconds.
  path: Assets/Prefab
  artifactKey: Guid(89d1a9ebfe160a34c9f11c7f73e5184d) Importer(815301076,1909f56bfc062723c751e8b465ee728b)
Start importing Assets/Prefab using Guid(89d1a9ebfe160a34c9f11c7f73e5184d) Importer(815301076,1909f56bfc062723c751e8b465ee728b)  -> (artifact id: 'b34d0edd37af650ba45159f52ac1d154') in 0.005729 seconds 
  Import took 0.013102 seconds .

========================================================================
Received Import Request.
  Time since last request: 16.918462 seconds.
  path: Assets/Prefab/Food.prefab
  artifactKey: Guid(cf6075205b54ace4fa2929402a0ac378) Importer(815301076,1909f56bfc062723c751e8b465ee728b)
Start importing Assets/Prefab/Food.prefab using Guid(cf6075205b54ace4fa2929402a0ac378) Importer(815301076,1909f56bfc062723c751e8b465ee728b)  -> (artifact id: '21b9d079f4462658824f79574cbb4a8d') in 0.018170 seconds 
  Import took 0.025116 seconds .

========================================================================
Received Import Request.
  Time since last request: 16.330321 seconds.
  path: Assets/Prefab/Food.prefab
  artifactKey: Guid(cf6075205b54ace4fa2929402a0ac378) Importer(815301076,1909f56bfc062723c751e8b465ee728b)
Start importing Assets/Prefab/Food.prefab using Guid(cf6075205b54ace4fa2929402a0ac378) Importer(815301076,1909f56bfc062723c751e8b465ee728b)  -> (artifact id: 'dee3584539fc9ab3307477a4bdee46d3') in 0.019464 seconds 
  Import took 0.025119 seconds .

========================================================================
Received Import Request.
  Time since last request: 11.801576 seconds.
  path: Assets/Sprites/Materials/background.mat
  artifactKey: Guid(f11b2ba61b4618a4db71c9b61228152d) Importer(815301076,1909f56bfc062723c751e8b465ee728b)
Start importing Assets/Sprites/Materials/background.mat using Guid(f11b2ba61b4618a4db71c9b61228152d) Importer(815301076,1909f56bfc062723c751e8b465ee728b)  -> (artifact id: 'ba8613bf346900449d4709b9ce93a302') in 0.139256 seconds 
  Import took 0.145340 seconds .

========================================================================
Received Import Request.
  Time since last request: 15.022923 seconds.
  path: Assets/Sprites/Food.prefab
  artifactKey: Guid(cf6075205b54ace4fa2929402a0ac378) Importer(815301076,1909f56bfc062723c751e8b465ee728b)
Start importing Assets/Sprites/Food.prefab using Guid(cf6075205b54ace4fa2929402a0ac378) Importer(815301076,1909f56bfc062723c751e8b465ee728b)  -> (artifact id: 'fa12b2762e891710f5b8a8eebb7e137b') in 0.016369 seconds 
  Import took 0.022768 seconds .

========================================================================
Received Import Request.
  Time since last request: 16.031143 seconds.
  path: Assets/Sprites/Food.prefab
  artifactKey: Guid(cf6075205b54ace4fa2929402a0ac378) Importer(815301076,1909f56bfc062723c751e8b465ee728b)
Start importing Assets/Sprites/Food.prefab using Guid(cf6075205b54ace4fa2929402a0ac378) Importer(815301076,1909f56bfc062723c751e8b465ee728b)  -> (artifact id: '28256e8051055b7dc9855f5a06f7e63a') in 0.017912 seconds 
  Import took 0.025081 seconds .

========================================================================
Received Import Request.
  Time since last request: 4.616786 seconds.
  path: Assets/Sprites/Food.prefab
  artifactKey: Guid(cf6075205b54ace4fa2929402a0ac378) Importer(815301076,1909f56bfc062723c751e8b465ee728b)
Start importing Assets/Sprites/Food.prefab using Guid(cf6075205b54ace4fa2929402a0ac378) Importer(815301076,1909f56bfc062723c751e8b465ee728b)  -> (artifact id: '7ab7756d0ee3b30d0053eb9759d2c983') in 0.017708 seconds 
  Import took 0.026694 seconds .

========================================================================
Received Import Request.
  Time since last request: 27.508463 seconds.
  path: Assets/Scripts/Food.cs
  artifactKey: Guid(fd5cea7f86cb7c745bf5a51c9065232b) Importer(815301076,1909f56bfc062723c751e8b465ee728b)
Start importing Assets/Scripts/Food.cs using Guid(fd5cea7f86cb7c745bf5a51c9065232b) Importer(815301076,1909f56bfc062723c751e8b465ee728b)  -> (artifact id: '171e14625c4e1dae763dd1817b56b4ff') in 0.009897 seconds 
  Import took 0.018365 seconds .

========================================================================
Received Prepare
Registering precompiled user dll's ...
Registered in 0.006586 seconds.
Begin MonoManager ReloadAssembly
Native extension for WindowsStandalone target not found
Native extension for WebGL target not found
Refreshing native plugins compatible for Editor in 0.72 ms, found 3 plugins.
Preloading 0 native plugins for Editor in 0.00 ms.
Mono: successfully reloaded assembly
- Completed reload, in  1.996 seconds
Domain Reload Profiling:
	ReloadAssembly (1999ms)
		BeginReloadAssembly (411ms)
			ExecutionOrderSort (0ms)
			DisableScriptedObjects (31ms)
			BackupInstance (0ms)
			ReleaseScriptingObjects (0ms)
			CreateAndSetChildDomain (183ms)
		EndReloadAssembly (1416ms)
			LoadAssemblies (199ms)
			RebuildTransferFunctionScriptingTraits (0ms)
			SetupTypeCache (335ms)
			ReleaseScriptCaches (2ms)
			RebuildScriptCaches (51ms)
			SetupLoadedEditorAssemblies (737ms)
				LogAssemblyErrors (0ms)
				InitializePlatformSupportModulesInManaged (9ms)
				SetLoadedEditorAssemblies (1ms)
				RefreshPlugins (1ms)
				BeforeProcessingInitializeOnLoad (175ms)
				ProcessInitializeOnLoadAttributes (538ms)
				ProcessInitializeOnLoadMethodAttributes (6ms)
				AfterProcessingInitializeOnLoad (7ms)
				EditorAssembliesLoaded (0ms)
			ExecutionOrderSort2 (0ms)
			AwakeInstancesAfterBackupRestoration (12ms)
Platform modules already initialized, skipping
Refreshing native plugins compatible for Editor in 0.53 ms, found 3 plugins.
Preloading 0 native plugins for Editor in 0.00 ms.
Unloading 2087 Unused Serialized files (Serialized files now loaded: 0)
System memory in use before: 95.9 MB.
System memory in use after: 96.0 MB.

Unloading 14 unused Assets to reduce memory usage. Loaded Objects now: 2580.
Total: 29.019600 ms (FindLiveObjects: 2.288500 ms CreateObjectMapping: 0.147500 ms MarkObjects: 26.029000 ms  DeleteObjects: 0.549700 ms)

AssetImportParameters requested are different than current active one (requested -> active):
  custom:framework-win-MediaFoundation: 216162199b28c13a410421893ffa2e32 -> 
  custom:video-decoder-ogg-theora: a1e56fd34408186e4bbccfd4996cb3dc -> 
  custom:container-muxer-webm: aa71ff27fc2769a1b78a27578f13a17b -> 
  custom:container-demuxer-webm: 4f35f7cbe854078d1ac9338744f61a02 -> 
  custom:container-demuxer-ogg: 62fdf1f143b41e24485cea50d1cbac27 -> 
  custom:video-encoder-webm-vp8: eb34c28f22e8b96e1ab97ce403110664 -> 
  custom:video-decoder-webm-vp8: 9c59270c3fd7afecdb556c50c9e8de78 -> 
  custom:audio-decoder-ogg-vorbis: bf7c407c2cedff20999df2af8eb42d56 -> 
  custom:audio-encoder-webm-vorbis: bf7c407c2cedff20999df2af8eb42d56 -> 
========================================================================
Received Prepare
Registering precompiled user dll's ...
Registered in 0.007060 seconds.
Begin MonoManager ReloadAssembly
Native extension for WindowsStandalone target not found
Native extension for WebGL target not found
Refreshing native plugins compatible for Editor in 0.84 ms, found 3 plugins.
Preloading 0 native plugins for Editor in 0.00 ms.
Mono: successfully reloaded assembly
- Completed reload, in  1.557 seconds
Domain Reload Profiling:
	ReloadAssembly (1572ms)
		BeginReloadAssembly (429ms)
			ExecutionOrderSort (0ms)
			DisableScriptedObjects (53ms)
			BackupInstance (0ms)
			ReleaseScriptingObjects (1ms)
			CreateAndSetChildDomain (242ms)
		EndReloadAssembly (1056ms)
			LoadAssemblies (150ms)
			RebuildTransferFunctionScriptingTraits (0ms)
			SetupTypeCache (386ms)
			ReleaseScriptCaches (2ms)
			RebuildScriptCaches (58ms)
			SetupLoadedEditorAssemblies (332ms)
				LogAssemblyErrors (0ms)
				InitializePlatformSupportModulesInManaged (12ms)
				SetLoadedEditorAssemblies (1ms)
				RefreshPlugins (1ms)
				BeforeProcessingInitializeOnLoad (74ms)
				ProcessInitializeOnLoadAttributes (234ms)
				ProcessInitializeOnLoadMethodAttributes (5ms)
				AfterProcessingInitializeOnLoad (5ms)
				EditorAssembliesLoaded (0ms)
			ExecutionOrderSort2 (0ms)
			AwakeInstancesAfterBackupRestoration (12ms)
Platform modules already initialized, skipping
Refreshing native plugins compatible for Editor in 0.38 ms, found 3 plugins.
Preloading 0 native plugins for Editor in 0.00 ms.
Unloading 2087 Unused Serialized files (Serialized files now loaded: 0)
System memory in use before: 95.9 MB.
System memory in use after: 96.1 MB.

Unloading 14 unused Assets to reduce memory usage. Loaded Objects now: 2583.
Total: 8.184200 ms (FindLiveObjects: 0.697900 ms CreateObjectMapping: 0.071500 ms MarkObjects: 7.388100 ms  DeleteObjects: 0.024200 ms)

AssetImportParameters requested are different than current active one (requested -> active):
  custom:framework-win-MediaFoundation: 216162199b28c13a410421893ffa2e32 -> 
  custom:video-decoder-ogg-theora: a1e56fd34408186e4bbccfd4996cb3dc -> 
  custom:container-muxer-webm: aa71ff27fc2769a1b78a27578f13a17b -> 
  custom:container-demuxer-webm: 4f35f7cbe854078d1ac9338744f61a02 -> 
  custom:container-demuxer-ogg: 62fdf1f143b41e24485cea50d1cbac27 -> 
  custom:video-encoder-webm-vp8: eb34c28f22e8b96e1ab97ce403110664 -> 
  custom:video-decoder-webm-vp8: 9c59270c3fd7afecdb556c50c9e8de78 -> 
  custom:audio-decoder-ogg-vorbis: bf7c407c2cedff20999df2af8eb42d56 -> 
  custom:audio-encoder-webm-vorbis: bf7c407c2cedff20999df2af8eb42d56 -> 
========================================================================
Received Import Request.
  Time since last request: 142.236735 seconds.
  path: Assets/Scripts/Food.cs
  artifactKey: Guid(fd5cea7f86cb7c745bf5a51c9065232b) Importer(815301076,1909f56bfc062723c751e8b465ee728b)
Start importing Assets/Scripts/Food.cs using Guid(fd5cea7f86cb7c745bf5a51c9065232b) Importer(815301076,1909f56bfc062723c751e8b465ee728b)  -> (artifact id: 'ab6d6080d82f8524411856762a3a3aaa') in 0.007916 seconds 
  Import took 0.013690 seconds .

========================================================================
Received Prepare
Registering precompiled user dll's ...
Registered in 0.005324 seconds.
Begin MonoManager ReloadAssembly
Native extension for WindowsStandalone target not found
Native extension for WebGL target not found
Refreshing native plugins compatible for Editor in 0.41 ms, found 3 plugins.
Preloading 0 native plugins for Editor in 0.00 ms.
Mono: successfully reloaded assembly
- Completed reload, in  2.454 seconds
Domain Reload Profiling:
	ReloadAssembly (2456ms)
		BeginReloadAssembly (203ms)
			ExecutionOrderSort (0ms)
			DisableScriptedObjects (11ms)
			BackupInstance (0ms)
			ReleaseScriptingObjects (2ms)
			CreateAndSetChildDomain (60ms)
		EndReloadAssembly (2183ms)
			LoadAssemblies (106ms)
			RebuildTransferFunctionScriptingTraits (0ms)
			SetupTypeCache (355ms)
			ReleaseScriptCaches (1ms)
			RebuildScriptCaches (62ms)
			SetupLoadedEditorAssemblies (1390ms)
				LogAssemblyErrors (0ms)
				InitializePlatformSupportModulesInManaged (7ms)
				SetLoadedEditorAssemblies (1ms)
				RefreshPlugins (1ms)
				BeforeProcessingInitializeOnLoad (68ms)
				ProcessInitializeOnLoadAttributes (1235ms)
				ProcessInitializeOnLoadMethodAttributes (32ms)
				AfterProcessingInitializeOnLoad (46ms)
				EditorAssembliesLoaded (1ms)
			ExecutionOrderSort2 (0ms)
			AwakeInstancesAfterBackupRestoration (71ms)
Platform modules already initialized, skipping
Refreshing native plugins compatible for Editor in 2.79 ms, found 3 plugins.
Preloading 0 native plugins for Editor in 0.00 ms.
Unloading 2087 Unused Serialized files (Serialized files now loaded: 0)
System memory in use before: 96.0 MB.
System memory in use after: 96.1 MB.

Unloading 14 unused Assets to reduce memory usage. Loaded Objects now: 2586.
Total: 8.976100 ms (FindLiveObjects: 0.267700 ms CreateObjectMapping: 0.083800 ms MarkObjects: 8.581800 ms  DeleteObjects: 0.041000 ms)

AssetImportParameters requested are different than current active one (requested -> active):
  custom:framework-win-MediaFoundation: 216162199b28c13a410421893ffa2e32 -> 
  custom:video-decoder-ogg-theora: a1e56fd34408186e4bbccfd4996cb3dc -> 
  custom:container-muxer-webm: aa71ff27fc2769a1b78a27578f13a17b -> 
  custom:container-demuxer-webm: 4f35f7cbe854078d1ac9338744f61a02 -> 
  custom:container-demuxer-ogg: 62fdf1f143b41e24485cea50d1cbac27 -> 
  custom:video-encoder-webm-vp8: eb34c28f22e8b96e1ab97ce403110664 -> 
  custom:video-decoder-webm-vp8: 9c59270c3fd7afecdb556c50c9e8de78 -> 
  custom:audio-decoder-ogg-vorbis: bf7c407c2cedff20999df2af8eb42d56 -> 
  custom:audio-encoder-webm-vorbis: bf7c407c2cedff20999df2af8eb42d56 -> 
========================================================================
Received Import Request.
  Time since last request: 237.595444 seconds.
  path: Assets/Sprites/Food.prefab
  artifactKey: Guid(cf6075205b54ace4fa2929402a0ac378) Importer(815301076,1909f56bfc062723c751e8b465ee728b)
Start importing Assets/Sprites/Food.prefab using Guid(cf6075205b54ace4fa2929402a0ac378) Importer(815301076,1909f56bfc062723c751e8b465ee728b)  -> (artifact id: 'fb3d6d3a1093dd6bcf654f7f5f0c8ad8') in 0.099561 seconds 
  Import took 0.106518 seconds .

========================================================================
Received Prepare
Registering precompiled user dll's ...
Registered in 0.005121 seconds.
Begin MonoManager ReloadAssembly
Native extension for WindowsStandalone target not found
Native extension for WebGL target not found
Refreshing native plugins compatible for Editor in 0.50 ms, found 3 plugins.
Preloading 0 native plugins for Editor in 0.00 ms.
Mono: successfully reloaded assembly
- Completed reload, in  1.131 seconds
Domain Reload Profiling:
	ReloadAssembly (1132ms)
		BeginReloadAssembly (174ms)
			ExecutionOrderSort (0ms)
			DisableScriptedObjects (9ms)
			BackupInstance (0ms)
			ReleaseScriptingObjects (0ms)
			CreateAndSetChildDomain (57ms)
		EndReloadAssembly (871ms)
			LoadAssemblies (135ms)
			RebuildTransferFunctionScriptingTraits (0ms)
			SetupTypeCache (304ms)
			ReleaseScriptCaches (1ms)
			RebuildScriptCaches (37ms)
			SetupLoadedEditorAssemblies (306ms)
				LogAssemblyErrors (0ms)
				InitializePlatformSupportModulesInManaged (6ms)
				SetLoadedEditorAssemblies (0ms)
				RefreshPlugins (1ms)
				BeforeProcessingInitializeOnLoad (64ms)
				ProcessInitializeOnLoadAttributes (221ms)
				ProcessInitializeOnLoadMethodAttributes (6ms)
				AfterProcessingInitializeOnLoad (8ms)
				EditorAssembliesLoaded (0ms)
			ExecutionOrderSort2 (0ms)
			AwakeInstancesAfterBackupRestoration (14ms)
Platform modules already initialized, skipping
Refreshing native plugins compatible for Editor in 0.42 ms, found 3 plugins.
Preloading 0 native plugins for Editor in 0.00 ms.
Unloading 2087 Unused Serialized files (Serialized files now loaded: 0)
System memory in use before: 96.0 MB.
System memory in use after: 96.1 MB.

Unloading 14 unused Assets to reduce memory usage. Loaded Objects now: 2590.
Total: 3.953400 ms (FindLiveObjects: 0.190700 ms CreateObjectMapping: 0.079500 ms MarkObjects: 3.654700 ms  DeleteObjects: 0.026300 ms)

AssetImportParameters requested are different than current active one (requested -> active):
  custom:framework-win-MediaFoundation: 216162199b28c13a410421893ffa2e32 -> 
  custom:video-decoder-ogg-theora: a1e56fd34408186e4bbccfd4996cb3dc -> 
  custom:container-muxer-webm: aa71ff27fc2769a1b78a27578f13a17b -> 
  custom:container-demuxer-webm: 4f35f7cbe854078d1ac9338744f61a02 -> 
  custom:container-demuxer-ogg: 62fdf1f143b41e24485cea50d1cbac27 -> 
  custom:video-encoder-webm-vp8: eb34c28f22e8b96e1ab97ce403110664 -> 
  custom:video-decoder-webm-vp8: 9c59270c3fd7afecdb556c50c9e8de78 -> 
  custom:audio-decoder-ogg-vorbis: bf7c407c2cedff20999df2af8eb42d56 -> 
  custom:audio-encoder-webm-vorbis: bf7c407c2cedff20999df2af8eb42d56 -> 
========================================================================
Received Import Request.
  Time since last request: 26.328791 seconds.
  path: Assets/Sprites/Food.prefab
  artifactKey: Guid(cf6075205b54ace4fa2929402a0ac378) Importer(815301076,1909f56bfc062723c751e8b465ee728b)
Start importing Assets/Sprites/Food.prefab using Guid(cf6075205b54ace4fa2929402a0ac378) Importer(815301076,1909f56bfc062723c751e8b465ee728b)  -> (artifact id: '1abb62441b7a711b6299b2f3eac48529') in 0.058146 seconds 
  Import took 0.062458 seconds .

========================================================================
Received Import Request.
  Time since last request: 1.142565 seconds.
  path: Assets/Sprites/Food.prefab
  artifactKey: Guid(cf6075205b54ace4fa2929402a0ac378) Importer(815301076,1909f56bfc062723c751e8b465ee728b)
Start importing Assets/Sprites/Food.prefab using Guid(cf6075205b54ace4fa2929402a0ac378) Importer(815301076,1909f56bfc062723c751e8b465ee728b)  -> (artifact id: '0e231eca214ed7558fccc50e53fcbb40') in 0.019674 seconds 
  Import took 0.026289 seconds .

========================================================================
Received Import Request.
  Time since last request: 2.826608 seconds.
  path: Assets/Sprites/Food.prefab
  artifactKey: Guid(cf6075205b54ace4fa2929402a0ac378) Importer(815301076,1909f56bfc062723c751e8b465ee728b)
Start importing Assets/Sprites/Food.prefab using Guid(cf6075205b54ace4fa2929402a0ac378) Importer(815301076,1909f56bfc062723c751e8b465ee728b)  -> (artifact id: 'cf9cc2ec666d97cbeb8ef42ba9e765b1') in 0.021469 seconds 
  Import took 0.027282 seconds .

========================================================================
Received Prepare
Registering precompiled user dll's ...
Registered in 0.004038 seconds.
Begin MonoManager ReloadAssembly
Native extension for WindowsStandalone target not found
Native extension for WebGL target not found
Refreshing native plugins compatible for Editor in 0.40 ms, found 3 plugins.
Preloading 0 native plugins for Editor in 0.00 ms.
Mono: successfully reloaded assembly
- Completed reload, in  1.389 seconds
Domain Reload Profiling:
	ReloadAssembly (1390ms)
		BeginReloadAssembly (153ms)
			ExecutionOrderSort (0ms)
			DisableScriptedObjects (9ms)
			BackupInstance (0ms)
			ReleaseScriptingObjects (0ms)
			CreateAndSetChildDomain (46ms)
		EndReloadAssembly (1152ms)
			LoadAssemblies (119ms)
			RebuildTransferFunctionScriptingTraits (0ms)
			SetupTypeCache (395ms)
			ReleaseScriptCaches (1ms)
			RebuildScriptCaches (65ms)
			SetupLoadedEditorAssemblies (399ms)
				LogAssemblyErrors (0ms)
				InitializePlatformSupportModulesInManaged (7ms)
				SetLoadedEditorAssemblies (0ms)
				RefreshPlugins (1ms)
				BeforeProcessingInitializeOnLoad (81ms)
				ProcessInitializeOnLoadAttributes (293ms)
				ProcessInitializeOnLoadMethodAttributes (8ms)
				AfterProcessingInitializeOnLoad (8ms)
				EditorAssembliesLoaded (0ms)
			ExecutionOrderSort2 (0ms)
			AwakeInstancesAfterBackupRestoration (15ms)
Platform modules already initialized, skipping
Refreshing native plugins compatible for Editor in 0.57 ms, found 3 plugins.
Preloading 0 native plugins for Editor in 0.00 ms.
Unloading 2087 Unused Serialized files (Serialized files now loaded: 0)
System memory in use before: 96.0 MB.
System memory in use after: 96.1 MB.

Unloading 14 unused Assets to reduce memory usage. Loaded Objects now: 2594.
Total: 3.721700 ms (FindLiveObjects: 0.197400 ms CreateObjectMapping: 0.066200 ms MarkObjects: 3.413700 ms  DeleteObjects: 0.041100 ms)

AssetImportParameters requested are different than current active one (requested -> active):
  custom:framework-win-MediaFoundation: 216162199b28c13a410421893ffa2e32 -> 
  custom:video-decoder-ogg-theora: a1e56fd34408186e4bbccfd4996cb3dc -> 
  custom:container-muxer-webm: aa71ff27fc2769a1b78a27578f13a17b -> 
  custom:container-demuxer-webm: 4f35f7cbe854078d1ac9338744f61a02 -> 
  custom:container-demuxer-ogg: 62fdf1f143b41e24485cea50d1cbac27 -> 
  custom:video-encoder-webm-vp8: eb34c28f22e8b96e1ab97ce403110664 -> 
  custom:video-decoder-webm-vp8: 9c59270c3fd7afecdb556c50c9e8de78 -> 
  custom:audio-decoder-ogg-vorbis: bf7c407c2cedff20999df2af8eb42d56 -> 
  custom:audio-encoder-webm-vorbis: bf7c407c2cedff20999df2af8eb42d56 -> 
